# JRE version: OpenJDK Runtime Environment (21.0.7) (build 21.0.7+-13880790-b1038.58)
# Java VM: OpenJDK 64-Bit Server VM (21.0.7+-13880790-b1038.58, mixed mode, tiered, compressed oops, compressed class ptrs, g1 gc, windows-amd64)
GC Precious Log:
 CardTable entry size: 512
 Card Set container configuration: InlinePtr #cards 5 size 8 Array Of Cards #cards 12 size 40 Howl #buckets 4 coarsen threshold 1843 Howl Bitmap #cards 512 size 80 coarsen threshold 460 Card regions per heap region 1 cards per card region 2048
 CPUs: 8 total, 8 available
 Memory: 24314M
 Large Page Support: Disabled
 NUMA Support: Disabled
 Compressed Oops: Enabled (32-bit)
 Heap Region Size: 1M
 Heap Min Capacity: 8M
 Heap Initial Capacity: 380M
 Heap Max Capacity: 2G
 Pre-touch: Disabled
 Parallel Workers: 8
 Concurrent Workers: 2
 Concurrent Refinement Workers: 8
 Periodic GC: Disabled
Heap:
 garbage-first heap   total 232448K, used 73752K [0x0000000080000000, 0x0000000100000000)
  region size 1024K, 8 young (8192K), 8 survivors (8192K)
 Metaspace       used 59055K, committed 60352K, reserved 1114112K
  class space    used 7957K, committed 8576K, reserved 1048576K
GC Heap History (20 events):
Event: 2.899 GC heap after
{Heap after GC invocations=10 (full 0):
 garbage-first heap   total 233472K, used 58602K [0x0000000080000000, 0x0000000100000000)
  region size 1024K, 1 young (1024K), 1 survivors (1024K)
 Metaspace       used 35515K, committed 36288K, reserved 1114112K
  class space    used 4859K, committed 5248K, reserved 1048576K
}
Event: 3.818 GC heap before
{Heap before GC invocations=10 (full 0):
 garbage-first heap   total 233472K, used 158954K [0x0000000080000000, 0x0000000100000000)
  region size 1024K, 95 young (97280K), 1 survivors (1024K)
 Metaspace       used 48819K, committed 50048K, reserved 1114112K
  class space    used 6531K, committed 7168K, reserved 1048576K
}
Event: 3.825 GC heap after
{Heap after GC invocations=11 (full 0):
 garbage-first heap   total 233472K, used 66321K [0x0000000080000000, 0x0000000100000000)
  region size 1024K, 8 young (8192K), 8 survivors (8192K)
 Metaspace       used 48819K, committed 50048K, reserved 1114112K
  class space    used 6531K, committed 7168K, reserved 1048576K
}
Event: 4.824 GC heap before
{Heap before GC invocations=11 (full 0):
 garbage-first heap   total 233472K, used 188177K [0x0000000080000000, 0x0000000100000000)
  region size 1024K, 126 young (129024K), 8 survivors (8192K)
 Metaspace       used 53332K, committed 54656K, reserved 1114112K
  class space    used 7189K, committed 7808K, reserved 1048576K
}
Event: 4.830 GC heap after
{Heap after GC invocations=12 (full 0):
 garbage-first heap   total 233472K, used 68670K [0x0000000080000000, 0x0000000100000000)
  region size 1024K, 11 young (11264K), 11 survivors (11264K)
 Metaspace       used 53332K, committed 54656K, reserved 1114112K
  class space    used 7189K, committed 7808K, reserved 1048576K
}
Event: 5.382 GC heap before
{Heap before GC invocations=12 (full 0):
 garbage-first heap   total 233472K, used 196670K [0x0000000080000000, 0x0000000100000000)
  region size 1024K, 136 young (139264K), 11 survivors (11264K)
 Metaspace       used 53379K, committed 54656K, reserved 1114112K
  class space    used 7189K, committed 7808K, reserved 1048576K
}
Event: 5.388 GC heap after
{Heap after GC invocations=13 (full 0):
 garbage-first heap   total 233472K, used 69635K [0x0000000080000000, 0x0000000100000000)
  region size 1024K, 4 young (4096K), 4 survivors (4096K)
 Metaspace       used 53379K, committed 54656K, reserved 1114112K
  class space    used 7189K, committed 7808K, reserved 1048576K
}
Event: 5.790 GC heap before
{Heap before GC invocations=13 (full 0):
 garbage-first heap   total 233472K, used 204803K [0x0000000080000000, 0x0000000100000000)
  region size 1024K, 136 young (139264K), 4 survivors (4096K)
 Metaspace       used 53421K, committed 54720K, reserved 1114112K
  class space    used 7189K, committed 7808K, reserved 1048576K
}
Event: 5.793 GC heap after
{Heap after GC invocations=14 (full 0):
 garbage-first heap   total 233472K, used 70161K [0x0000000080000000, 0x0000000100000000)
  region size 1024K, 5 young (5120K), 5 survivors (5120K)
 Metaspace       used 53421K, committed 54720K, reserved 1114112K
  class space    used 7189K, committed 7808K, reserved 1048576K
}
Event: 6.165 GC heap before
{Heap before GC invocations=14 (full 0):
 garbage-first heap   total 233472K, used 204305K [0x0000000080000000, 0x0000000100000000)
  region size 1024K, 136 young (139264K), 5 survivors (5120K)
 Metaspace       used 53446K, committed 54720K, reserved 1114112K
  class space    used 7189K, committed 7808K, reserved 1048576K
}
Event: 6.168 GC heap after
{Heap after GC invocations=15 (full 0):
 garbage-first heap   total 233472K, used 71053K [0x0000000080000000, 0x0000000100000000)
  region size 1024K, 6 young (6144K), 6 survivors (6144K)
 Metaspace       used 53446K, committed 54720K, reserved 1114112K
  class space    used 7189K, committed 7808K, reserved 1048576K
}
Event: 6.424 GC heap before
{Heap before GC invocations=15 (full 0):
 garbage-first heap   total 233472K, used 204173K [0x0000000080000000, 0x0000000100000000)
  region size 1024K, 136 young (139264K), 6 survivors (6144K)
 Metaspace       used 53454K, committed 54720K, reserved 1114112K
  class space    used 7191K, committed 7808K, reserved 1048576K
}
Event: 6.429 GC heap after
{Heap after GC invocations=16 (full 0):
 garbage-first heap   total 233472K, used 72335K [0x0000000080000000, 0x0000000100000000)
  region size 1024K, 7 young (7168K), 7 survivors (7168K)
 Metaspace       used 53454K, committed 54720K, reserved 1114112K
  class space    used 7191K, committed 7808K, reserved 1048576K
}
Event: 6.696 GC heap before
{Heap before GC invocations=16 (full 0):
 garbage-first heap   total 233472K, used 204431K [0x0000000080000000, 0x0000000100000000)
  region size 1024K, 136 young (139264K), 7 survivors (7168K)
 Metaspace       used 53455K, committed 54720K, reserved 1114112K
  class space    used 7191K, committed 7808K, reserved 1048576K
}
Event: 6.702 GC heap after
{Heap after GC invocations=17 (full 0):
 garbage-first heap   total 233472K, used 73588K [0x0000000080000000, 0x0000000100000000)
  region size 1024K, 8 young (8192K), 8 survivors (8192K)
 Metaspace       used 53455K, committed 54720K, reserved 1114112K
  class space    used 7191K, committed 7808K, reserved 1048576K
}
Event: 6.957 GC heap before
{Heap before GC invocations=17 (full 0):
 garbage-first heap   total 233472K, used 204660K [0x0000000080000000, 0x0000000100000000)
  region size 1024K, 136 young (139264K), 8 survivors (8192K)
 Metaspace       used 53455K, committed 54720K, reserved 1114112K
  class space    used 7191K, committed 7808K, reserved 1048576K
}
Event: 6.963 GC heap after
{Heap after GC invocations=18 (full 0):
 garbage-first heap   total 233472K, used 74932K [0x0000000080000000, 0x0000000100000000)
  region size 1024K, 9 young (9216K), 9 survivors (9216K)
 Metaspace       used 53455K, committed 54720K, reserved 1114112K
  class space    used 7191K, committed 7808K, reserved 1048576K
}
Event: 7.356 GC heap before
{Heap before GC invocations=18 (full 0):
 garbage-first heap   total 233472K, used 172212K [0x0000000080000000, 0x0000000100000000)
  region size 1024K, 105 young (107520K), 9 survivors (9216K)
 Metaspace       used 54820K, committed 56128K, reserved 1114112K
  class space    used 7455K, committed 8128K, reserved 1048576K
}
Event: 7.359 GC heap after
{Heap after GC invocations=19 (full 0):
 garbage-first heap   total 233472K, used 68364K [0x0000000080000000, 0x0000000100000000)
  region size 1024K, 3 young (3072K), 3 survivors (3072K)
 Metaspace       used 54820K, committed 56128K, reserved 1114112K
  class space    used 7455K, committed 8128K, reserved 1048576K
}
Event: 8.089 GC heap before
{Heap before GC invocations=20 (full 0):
 garbage-first heap   total 232448K, used 203532K [0x0000000080000000, 0x0000000100000000)
  region size 1024K, 136 young (139264K), 3 survivors (3072K)
 Metaspace       used 59055K, committed 60352K, reserved 1114112K
  class space    used 7957K, committed 8576K, reserved 1048576K
}

