# JRE version: OpenJDK Runtime Environment (21.0.7) (build 21.0.7+-13880790-b1038.58)
# Java VM: OpenJDK 64-Bit Server VM (21.0.7+-13880790-b1038.58, mixed mode, tiered, compressed oops, compressed class ptrs, g1 gc, windows-amd64)
GC Precious Log:
 CardTable entry size: 512
 Card Set container configuration: InlinePtr #cards 5 size 8 Array Of Cards #cards 12 size 40 Howl #buckets 4 coarsen threshold 1843 Howl Bitmap #cards 512 size 80 coarsen threshold 460 Card regions per heap region 1 cards per card region 2048
 CPUs: 8 total, 8 available
 Memory: 24314M
 Large Page Support: Disabled
 NUMA Support: Disabled
 Compressed Oops: Enabled (32-bit)
 Heap Region Size: 1M
 Heap Min Capacity: 8M
 Heap Initial Capacity: 380M
 Heap Max Capacity: 2G
 Pre-touch: Disabled
 Parallel Workers: 8
 Concurrent Workers: 2
 Concurrent Refinement Workers: 8
 Periodic GC: Disabled
Heap:
 garbage-first heap   total 263168K, used 97472K [0x0000000080000000, 0x0000000100000000)
  region size 1024K, 30 young (30720K), 13 survivors (13312K)
 Metaspace       used 59115K, committed 60416K, reserved 1114112K
  class space    used 7982K, committed 8576K, reserved 1048576K
GC Heap History (20 events):
Event: 3.464 GC heap before
{Heap before GC invocations=5 (full 0):
 garbage-first heap   total 68608K, used 53525K [0x0000000080000000, 0x0000000100000000)
  region size 1024K, 34 young (34816K), 2 survivors (2048K)
 Metaspace       used 31557K, committed 32192K, reserved 1114112K
  class space    used 4193K, committed 4480K, reserved 1048576K
}
Event: 3.468 GC heap after
{Heap after GC invocations=6 (full 0):
 garbage-first heap   total 68608K, used 23635K [0x0000000080000000, 0x0000000100000000)
  region size 1024K, 4 young (4096K), 4 survivors (4096K)
 Metaspace       used 31557K, committed 32192K, reserved 1114112K
  class space    used 4193K, committed 4480K, reserved 1048576K
}
Event: 3.598 GC heap before
{Heap before GC invocations=6 (full 0):
 garbage-first heap   total 68608K, used 43091K [0x0000000080000000, 0x0000000100000000)
  region size 1024K, 14 young (14336K), 4 survivors (4096K)
 Metaspace       used 32972K, committed 33600K, reserved 1114112K
  class space    used 4452K, committed 4736K, reserved 1048576K
}
Event: 3.601 GC heap after
{Heap after GC invocations=7 (full 0):
 garbage-first heap   total 68608K, used 36284K [0x0000000080000000, 0x0000000100000000)
  region size 1024K, 4 young (4096K), 4 survivors (4096K)
 Metaspace       used 32972K, committed 33600K, reserved 1114112K
  class space    used 4452K, committed 4736K, reserved 1048576K
}
Event: 3.811 GC heap before
{Heap before GC invocations=8 (full 0):
 garbage-first heap   total 68608K, used 67004K [0x0000000080000000, 0x0000000100000000)
  region size 1024K, 18 young (18432K), 4 survivors (4096K)
 Metaspace       used 34429K, committed 35200K, reserved 1114112K
  class space    used 4685K, committed 5056K, reserved 1048576K
}
Event: 3.815 GC heap after
{Heap after GC invocations=9 (full 0):
 garbage-first heap   total 77824K, used 58833K [0x0000000080000000, 0x0000000100000000)
  region size 1024K, 4 young (4096K), 4 survivors (4096K)
 Metaspace       used 34429K, committed 35200K, reserved 1114112K
  class space    used 4685K, committed 5056K, reserved 1048576K
}
Event: 3.917 GC heap before
{Heap before GC invocations=9 (full 0):
 garbage-first heap   total 77824K, used 68049K [0x0000000080000000, 0x0000000100000000)
  region size 1024K, 13 young (13312K), 4 survivors (4096K)
 Metaspace       used 35585K, committed 36416K, reserved 1114112K
  class space    used 4877K, committed 5312K, reserved 1048576K
}
Event: 3.919 GC heap after
{Heap after GC invocations=10 (full 0):
 garbage-first heap   total 233472K, used 58006K [0x0000000080000000, 0x0000000100000000)
  region size 1024K, 1 young (1024K), 1 survivors (1024K)
 Metaspace       used 35585K, committed 36416K, reserved 1114112K
  class space    used 4877K, committed 5312K, reserved 1048576K
}
Event: 5.044 GC heap before
{Heap before GC invocations=10 (full 0):
 garbage-first heap   total 233472K, used 149142K [0x0000000080000000, 0x0000000100000000)
  region size 1024K, 91 young (93184K), 1 survivors (1024K)
 Metaspace       used 47532K, committed 48640K, reserved 1114112K
  class space    used 6453K, committed 6976K, reserved 1048576K
}
Event: 5.050 GC heap after
{Heap after GC invocations=11 (full 0):
 garbage-first heap   total 233472K, used 65605K [0x0000000080000000, 0x0000000100000000)
  region size 1024K, 8 young (8192K), 8 survivors (8192K)
 Metaspace       used 47532K, committed 48640K, reserved 1114112K
  class space    used 6453K, committed 6976K, reserved 1048576K
}
Event: 5.618 GC heap before
{Heap before GC invocations=11 (full 0):
 garbage-first heap   total 233472K, used 118853K [0x0000000080000000, 0x0000000100000000)
  region size 1024K, 56 young (57344K), 8 survivors (8192K)
 Metaspace       used 54700K, committed 56000K, reserved 1114112K
  class space    used 7485K, committed 8128K, reserved 1048576K
}
Event: 5.623 GC heap after
{Heap after GC invocations=12 (full 0):
 garbage-first heap   total 233472K, used 68610K [0x0000000080000000, 0x0000000100000000)
  region size 1024K, 11 young (11264K), 11 survivors (11264K)
 Metaspace       used 54700K, committed 56000K, reserved 1114112K
  class space    used 7485K, committed 8128K, reserved 1048576K
}
Event: 6.264 GC heap before
{Heap before GC invocations=13 (full 0):
 garbage-first heap   total 232448K, used 196610K [0x0000000080000000, 0x0000000100000000)
  region size 1024K, 136 young (139264K), 11 survivors (11264K)
 Metaspace       used 55914K, committed 57216K, reserved 1114112K
  class space    used 7642K, committed 8256K, reserved 1048576K
}
Event: 6.277 GC heap after
{Heap after GC invocations=14 (full 0):
 garbage-first heap   total 232448K, used 72279K [0x0000000080000000, 0x0000000100000000)
  region size 1024K, 8 young (8192K), 8 survivors (8192K)
 Metaspace       used 55914K, committed 57216K, reserved 1114112K
  class space    used 7642K, committed 8256K, reserved 1048576K
}
Event: 6.762 GC heap before
{Heap before GC invocations=14 (full 0):
 garbage-first heap   total 232448K, used 198231K [0x0000000080000000, 0x0000000100000000)
  region size 1024K, 132 young (135168K), 8 survivors (8192K)
 Metaspace       used 59058K, committed 60288K, reserved 1114112K
  class space    used 7981K, committed 8576K, reserved 1048576K
}
Event: 6.770 GC heap after
{Heap after GC invocations=15 (full 0):
 garbage-first heap   total 232448K, used 74724K [0x0000000080000000, 0x0000000100000000)
  region size 1024K, 10 young (10240K), 10 survivors (10240K)
 Metaspace       used 59058K, committed 60288K, reserved 1114112K
  class space    used 7981K, committed 8576K, reserved 1048576K
}
Event: 6.943 GC heap before
{Heap before GC invocations=15 (full 0):
 garbage-first heap   total 232448K, used 202724K [0x0000000080000000, 0x0000000100000000)
  region size 1024K, 136 young (139264K), 10 survivors (10240K)
 Metaspace       used 59109K, committed 60352K, reserved 1114112K
  class space    used 7982K, committed 8576K, reserved 1048576K
}
Event: 6.950 GC heap after
{Heap after GC invocations=16 (full 0):
 garbage-first heap   total 232448K, used 76130K [0x0000000080000000, 0x0000000100000000)
  region size 1024K, 8 young (8192K), 8 survivors (8192K)
 Metaspace       used 59109K, committed 60352K, reserved 1114112K
  class space    used 7982K, committed 8576K, reserved 1048576K
}
Event: 7.146 GC heap before
{Heap before GC invocations=16 (full 0):
 garbage-first heap   total 232448K, used 206178K [0x0000000080000000, 0x0000000100000000)
  region size 1024K, 136 young (139264K), 8 survivors (8192K)
 Metaspace       used 59115K, committed 60416K, reserved 1114112K
  class space    used 7982K, committed 8576K, reserved 1048576K
}
Event: 7.153 GC heap after
{Heap after GC invocations=17 (full 0):
 garbage-first heap   total 279552K, used 78133K [0x0000000080000000, 0x0000000100000000)
  region size 1024K, 10 young (10240K), 10 survivors (10240K)
 Metaspace       used 59115K, committed 60416K, reserved 1114112K
  class space    used 7982K, committed 8576K, reserved 1048576K
}

