# JRE version: OpenJDK Runtime Environment (21.0.7) (build 21.0.7+-13880790-b1038.58)
# Java VM: OpenJDK 64-Bit Server VM (21.0.7+-13880790-b1038.58, mixed mode, tiered, compressed oops, compressed class ptrs, g1 gc, windows-amd64)
GC Precious Log:
 CardTable entry size: 512
 Card Set container configuration: InlinePtr #cards 5 size 8 Array Of Cards #cards 12 size 40 Howl #buckets 4 coarsen threshold 1843 Howl Bitmap #cards 512 size 80 coarsen threshold 460 Card regions per heap region 1 cards per card region 2048
 CPUs: 8 total, 8 available
 Memory: 24314M
 Large Page Support: Disabled
 NUMA Support: Disabled
 Compressed Oops: Enabled (32-bit)
 Heap Region Size: 1M
 Heap Min Capacity: 8M
 Heap Initial Capacity: 380M
 Heap Max Capacity: 2G
 Pre-touch: Disabled
 Parallel Workers: 8
 Concurrent Workers: 2
 Concurrent Refinement Workers: 8
 Periodic GC: Disabled
Heap:
 garbage-first heap   total 233472K, used 78694K [0x0000000080000000, 0x0000000100000000)
  region size 1024K, 10 young (10240K), 10 survivors (10240K)
 Metaspace       used 58985K, committed 60352K, reserved 1114112K
  class space    used 7959K, committed 8640K, reserved 1048576K
GC Heap History (20 events):
Event: 9.509 GC heap after
{Heap after GC invocations=11 (full 0):
 garbage-first heap   total 233472K, used 64914K [0x0000000080000000, 0x0000000100000000)
  region size 1024K, 7 young (7168K), 7 survivors (7168K)
 Metaspace       used 47233K, committed 48384K, reserved 1114112K
  class space    used 6563K, committed 7104K, reserved 1048576K
}
Event: 10.670 GC heap before
{Heap before GC invocations=11 (full 0):
 garbage-first heap   total 233472K, used 134546K [0x0000000080000000, 0x0000000100000000)
  region size 1024K, 71 young (72704K), 7 survivors (7168K)
 Metaspace       used 55468K, committed 56640K, reserved 1114112K
  class space    used 7463K, committed 8000K, reserved 1048576K
}
Event: 10.686 GC heap after
{Heap after GC invocations=12 (full 0):
 garbage-first heap   total 233472K, used 69943K [0x0000000080000000, 0x0000000100000000)
  region size 1024K, 12 young (12288K), 12 survivors (12288K)
 Metaspace       used 55468K, committed 56640K, reserved 1114112K
  class space    used 7463K, committed 8000K, reserved 1048576K
}
Event: 11.378 GC heap before
{Heap before GC invocations=13 (full 0):
 garbage-first heap   total 233472K, used 195895K [0x0000000080000000, 0x0000000100000000)
  region size 1024K, 135 young (138240K), 12 survivors (12288K)
 Metaspace       used 58493K, committed 59712K, reserved 1114112K
  class space    used 7920K, committed 8512K, reserved 1048576K
}
Event: 11.386 GC heap after
{Heap after GC invocations=14 (full 0):
 garbage-first heap   total 233472K, used 72738K [0x0000000080000000, 0x0000000100000000)
  region size 1024K, 9 young (9216K), 9 survivors (9216K)
 Metaspace       used 58493K, committed 59712K, reserved 1114112K
  class space    used 7920K, committed 8512K, reserved 1048576K
}
Event: 11.902 GC heap before
{Heap before GC invocations=14 (full 0):
 garbage-first heap   total 233472K, used 204834K [0x0000000080000000, 0x0000000100000000)
  region size 1024K, 136 young (139264K), 9 survivors (9216K)
 Metaspace       used 58719K, committed 59968K, reserved 1114112K
  class space    used 7935K, committed 8512K, reserved 1048576K
}
Event: 11.907 GC heap after
{Heap after GC invocations=15 (full 0):
 garbage-first heap   total 233472K, used 71416K [0x0000000080000000, 0x0000000100000000)
  region size 1024K, 8 young (8192K), 8 survivors (8192K)
 Metaspace       used 58719K, committed 59968K, reserved 1114112K
  class space    used 7935K, committed 8512K, reserved 1048576K
}
Event: 12.390 GC heap before
{Heap before GC invocations=15 (full 0):
 garbage-first heap   total 233472K, used 202488K [0x0000000080000000, 0x0000000100000000)
  region size 1024K, 136 young (139264K), 8 survivors (8192K)
 Metaspace       used 58925K, committed 60288K, reserved 1114112K
  class space    used 7963K, committed 8640K, reserved 1048576K
}
Event: 12.395 GC heap after
{Heap after GC invocations=16 (full 0):
 garbage-first heap   total 233472K, used 72234K [0x0000000080000000, 0x0000000100000000)
  region size 1024K, 8 young (8192K), 8 survivors (8192K)
 Metaspace       used 58925K, committed 60288K, reserved 1114112K
  class space    used 7963K, committed 8640K, reserved 1048576K
}
Event: 12.794 GC heap before
{Heap before GC invocations=16 (full 0):
 garbage-first heap   total 233472K, used 203306K [0x0000000080000000, 0x0000000100000000)
  region size 1024K, 136 young (139264K), 8 survivors (8192K)
 Metaspace       used 58962K, committed 60288K, reserved 1114112K
  class space    used 7963K, committed 8640K, reserved 1048576K
}
Event: 12.799 GC heap after
{Heap after GC invocations=17 (full 0):
 garbage-first heap   total 233472K, used 73446K [0x0000000080000000, 0x0000000100000000)
  region size 1024K, 10 young (10240K), 10 survivors (10240K)
 Metaspace       used 58962K, committed 60288K, reserved 1114112K
  class space    used 7963K, committed 8640K, reserved 1048576K
}
Event: 13.145 GC heap before
{Heap before GC invocations=18 (full 0):
 garbage-first heap   total 233472K, used 202470K [0x0000000080000000, 0x0000000100000000)
  region size 1024K, 136 young (139264K), 10 survivors (10240K)
 Metaspace       used 58980K, committed 60352K, reserved 1114112K
  class space    used 7963K, committed 8640K, reserved 1048576K
}
Event: 13.150 GC heap after
{Heap after GC invocations=19 (full 0):
 garbage-first heap   total 233472K, used 74281K [0x0000000080000000, 0x0000000100000000)
  region size 1024K, 10 young (10240K), 10 survivors (10240K)
 Metaspace       used 58980K, committed 60352K, reserved 1114112K
  class space    used 7963K, committed 8640K, reserved 1048576K
}
Event: 13.462 GC heap before
{Heap before GC invocations=19 (full 0):
 garbage-first heap   total 233472K, used 203305K [0x0000000080000000, 0x0000000100000000)
  region size 1024K, 136 young (139264K), 10 survivors (10240K)
 Metaspace       used 58985K, committed 60352K, reserved 1114112K
  class space    used 7963K, committed 8640K, reserved 1048576K
}
Event: 13.469 GC heap after
{Heap after GC invocations=20 (full 0):
 garbage-first heap   total 233472K, used 74918K [0x0000000080000000, 0x0000000100000000)
  region size 1024K, 6 young (6144K), 6 survivors (6144K)
 Metaspace       used 58985K, committed 60352K, reserved 1114112K
  class space    used 7963K, committed 8640K, reserved 1048576K
}
Event: 13.696 GC heap before
{Heap before GC invocations=20 (full 0):
 garbage-first heap   total 233472K, used 208038K [0x0000000080000000, 0x0000000100000000)
  region size 1024K, 136 young (139264K), 6 survivors (6144K)
 Metaspace       used 58985K, committed 60352K, reserved 1114112K
  class space    used 7964K, committed 8640K, reserved 1048576K
}
Event: 13.701 GC heap after
{Heap after GC invocations=21 (full 0):
 garbage-first heap   total 233472K, used 76446K [0x0000000080000000, 0x0000000100000000)
  region size 1024K, 7 young (7168K), 7 survivors (7168K)
 Metaspace       used 58985K, committed 60352K, reserved 1114112K
  class space    used 7964K, committed 8640K, reserved 1048576K
}
Event: 13.866 GC heap before
{Heap before GC invocations=22 (full 0):
 garbage-first heap   total 233472K, used 208542K [0x0000000080000000, 0x0000000100000000)
  region size 1024K, 136 young (139264K), 7 survivors (7168K)
 Metaspace       used 58968K, committed 60352K, reserved 1114112K
  class space    used 7959K, committed 8640K, reserved 1048576K
}
Event: 13.871 GC heap after
{Heap after GC invocations=23 (full 0):
 garbage-first heap   total 233472K, used 77188K [0x0000000080000000, 0x0000000100000000)
  region size 1024K, 8 young (8192K), 8 survivors (8192K)
 Metaspace       used 58968K, committed 60352K, reserved 1114112K
  class space    used 7959K, committed 8640K, reserved 1048576K
}
Event: 14.025 GC heap before
{Heap before GC invocations=23 (full 0):
 garbage-first heap   total 233472K, used 208260K [0x0000000080000000, 0x0000000100000000)
  region size 1024K, 136 young (139264K), 8 survivors (8192K)
 Metaspace       used 58985K, committed 60352K, reserved 1114112K
  class space    used 7959K, committed 8640K, reserved 1048576K
}

